<?xml version="1.0" encoding="UTF-8"?>
<!-- Generated by org.testng.reporters.JUnitReportReporter -->
<testsuite skipped="0" hostname="DESKTOP-NGGSEJ1" name="MyStoreTests.LoginPageTests" tests="1" failures="0" timestamp="01 Dec 2020 04:35:15 GMT" time="3.874" errors="0">
  <testcase name="TC_13" time="3.874" classname="MyStoreTests.LoginPageTests"/>
</testsuite> <!-- MyStoreTests.LoginPageTests -->
